{"meta": {"format": 3, "version": "7.6.12", "timestamp": "2025-03-16T21:37:05.311984", "branch_coverage": true, "show_contexts": false}, "files": {"link_sharing_app/__init__.py": {"executed_lines": [1, 2, 3, 4, 5, 6, 9, 10, 11, 16, 17, 19, 21, 22, 23, 24, 26, 28, 29, 30, 32], "summary": {"covered_lines": 21, "num_statements": 21, "percent_covered": 100.0, "percent_covered_display": "100", "missing_lines": 0, "excluded_lines": 0, "num_branches": 2, "num_partial_branches": 0, "covered_branches": 2, "missing_branches": 0}, "missing_lines": [], "excluded_lines": [], "executed_branches": [[16, 17], [16, 19]], "missing_branches": [], "functions": {"create_app": {"executed_lines": [10, 11, 16, 17, 19, 21, 22, 23, 24, 26, 28, 29, 30, 32], "summary": {"covered_lines": 14, "num_statements": 14, "percent_covered": 100.0, "percent_covered_display": "100", "missing_lines": 0, "excluded_lines": 0, "num_branches": 2, "num_partial_branches": 0, "covered_branches": 2, "missing_branches": 0}, "missing_lines": [], "excluded_lines": [], "executed_branches": [[16, 17], [16, 19]], "missing_branches": []}, "": {"executed_lines": [1, 2, 3, 4, 5, 6, 9], "summary": {"covered_lines": 7, "num_statements": 7, "percent_covered": 100.0, "percent_covered_display": "100", "missing_lines": 0, "excluded_lines": 0, "num_branches": 0, "num_partial_branches": 0, "covered_branches": 0, "missing_branches": 0}, "missing_lines": [], "excluded_lines": [], "executed_branches": [], "missing_branches": []}}, "classes": {"": {"executed_lines": [1, 2, 3, 4, 5, 6, 9, 10, 11, 16, 17, 19, 21, 22, 23, 24, 26, 28, 29, 30, 32], "summary": {"covered_lines": 21, "num_statements": 21, "percent_covered": 100.0, "percent_covered_display": "100", "missing_lines": 0, "excluded_lines": 0, "num_branches": 2, "num_partial_branches": 0, "covered_branches": 2, "missing_branches": 0}, "missing_lines": [], "excluded_lines": [], "executed_branches": [[16, 17], [16, 19]], "missing_branches": []}}}, "link_sharing_app/auth.py": {"executed_lines": [1, 2, 3, 4, 5, 10, 11, 13, 15, 18, 19, 20, 21, 23, 25, 26, 28, 29, 30, 32, 33, 34, 35, 37, 38, 42, 43, 44, 45, 48, 49, 50, 51, 52, 54, 55, 57, 58, 59, 61, 62, 63, 65, 66, 67, 68, 70, 72, 73, 74, 75, 77, 82, 84], "summary": {"covered_lines": 54, "num_statements": 54, "percent_covered": 100.0, "percent_covered_display": "100", "missing_lines": 0, "excluded_lines": 0, "num_branches": 22, "num_partial_branches": 0, "covered_branches": 22, "missing_branches": 0}, "missing_lines": [], "excluded_lines": [], "executed_branches": [[20, 21], [20, 23], [25, 26], [25, 28], [32, 33], [32, 34], [34, 35], [34, 37], [50, 51], [50, 52], [54, 55], [54, 57], [62, 63], [62, 65], [65, 66], [65, 67], [67, 68], [67, 70], [72, 73], [72, 74], [74, 75], [74, 77]], "missing_branches": [], "functions": {"register": {"executed_lines": [20, 21, 23, 25, 26, 28, 29, 30, 32, 33, 34, 35, 37, 38, 42, 43, 44, 45], "summary": {"covered_lines": 18, "num_statements": 18, "percent_covered": 100.0, "percent_covered_display": "100", "missing_lines": 0, "excluded_lines": 0, "num_branches": 8, "num_partial_branches": 0, "covered_branches": 8, "missing_branches": 0}, "missing_lines": [], "excluded_lines": [], "executed_branches": [[20, 21], [20, 23], [25, 26], [25, 28], [32, 33], [32, 34], [34, 35], [34, 37]], "missing_branches": []}, "login": {"executed_lines": [50, 51, 52, 54, 55, 57, 58, 59, 61, 62, 63, 65, 66, 67, 68, 70, 72, 73, 74, 75, 77, 82, 84], "summary": {"covered_lines": 23, "num_statements": 23, "percent_covered": 100.0, "percent_covered_display": "100", "missing_lines": 0, "excluded_lines": 0, "num_branches": 14, "num_partial_branches": 0, "covered_branches": 14, "missing_branches": 0}, "missing_lines": [], "excluded_lines": [], "executed_branches": [[50, 51], [50, 52], [54, 55], [54, 57], [62, 63], [62, 65], [65, 66], [65, 67], [67, 68], [67, 70], [72, 73], [72, 74], [74, 75], [74, 77]], "missing_branches": []}, "": {"executed_lines": [1, 2, 3, 4, 5, 10, 11, 13, 15, 18, 19, 48, 49], "summary": {"covered_lines": 13, "num_statements": 13, "percent_covered": 100.0, "percent_covered_display": "100", "missing_lines": 0, "excluded_lines": 0, "num_branches": 0, "num_partial_branches": 0, "covered_branches": 0, "missing_branches": 0}, "missing_lines": [], "excluded_lines": [], "executed_branches": [], "missing_branches": []}}, "classes": {"": {"executed_lines": [1, 2, 3, 4, 5, 10, 11, 13, 15, 18, 19, 20, 21, 23, 25, 26, 28, 29, 30, 32, 33, 34, 35, 37, 38, 42, 43, 44, 45, 48, 49, 50, 51, 52, 54, 55, 57, 58, 59, 61, 62, 63, 65, 66, 67, 68, 70, 72, 73, 74, 75, 77, 82, 84], "summary": {"covered_lines": 54, "num_statements": 54, "percent_covered": 100.0, "percent_covered_display": "100", "missing_lines": 0, "excluded_lines": 0, "num_branches": 22, "num_partial_branches": 0, "covered_branches": 22, "missing_branches": 0}, "missing_lines": [], "excluded_lines": [], "executed_branches": [[20, 21], [20, 23], [25, 26], [25, 28], [32, 33], [32, 34], [34, 35], [34, 37], [50, 51], [50, 52], [54, 55], [54, 57], [62, 63], [62, 65], [65, 66], [65, 67], [67, 68], [67, 70], [72, 73], [72, 74], [74, 75], [74, 77]], "missing_branches": []}}}, "link_sharing_app/db.py": {"executed_lines": [1, 2, 3, 4, 7, 8, 9, 14, 16, 19, 20, 22, 23, 26, 27, 29, 30, 33, 34, 35, 36, 39, 42, 43, 44], "summary": {"covered_lines": 25, "num_statements": 25, "percent_covered": 100.0, "percent_covered_display": "100", "missing_lines": 0, "excluded_lines": 0, "num_branches": 4, "num_partial_branches": 0, "covered_branches": 4, "missing_branches": 0}, "missing_lines": [], "excluded_lines": [], "executed_branches": [[8, 9], [8, 16], [22, -19], [22, 23]], "missing_branches": [], "functions": {"get_db": {"executed_lines": [8, 9, 14, 16], "summary": {"covered_lines": 4, "num_statements": 4, "percent_covered": 100.0, "percent_covered_display": "100", "missing_lines": 0, "excluded_lines": 0, "num_branches": 2, "num_partial_branches": 0, "covered_branches": 2, "missing_branches": 0}, "missing_lines": [], "excluded_lines": [], "executed_branches": [[8, 9], [8, 16]], "missing_branches": []}, "close_db": {"executed_lines": [20, 22, 23], "summary": {"covered_lines": 3, "num_statements": 3, "percent_covered": 100.0, "percent_covered_display": "100", "missing_lines": 0, "excluded_lines": 0, "num_branches": 2, "num_partial_branches": 0, "covered_branches": 2, "missing_branches": 0}, "missing_lines": [], "excluded_lines": [], "executed_branches": [[22, -19], [22, 23]], "missing_branches": []}, "init_db": {"executed_lines": [27, 29, 30], "summary": {"covered_lines": 3, "num_statements": 3, "percent_covered": 100.0, "percent_covered_display": "100", "missing_lines": 0, "excluded_lines": 0, "num_branches": 0, "num_partial_branches": 0, "covered_branches": 0, "missing_branches": 0}, "missing_lines": [], "excluded_lines": [], "executed_branches": [], "missing_branches": []}, "init_db_command": {"executed_lines": [35, 36], "summary": {"covered_lines": 2, "num_statements": 2, "percent_covered": 100.0, "percent_covered_display": "100", "missing_lines": 0, "excluded_lines": 0, "num_branches": 0, "num_partial_branches": 0, "covered_branches": 0, "missing_branches": 0}, "missing_lines": [], "excluded_lines": [], "executed_branches": [], "missing_branches": []}, "init_app": {"executed_lines": [43, 44], "summary": {"covered_lines": 2, "num_statements": 2, "percent_covered": 100.0, "percent_covered_display": "100", "missing_lines": 0, "excluded_lines": 0, "num_branches": 0, "num_partial_branches": 0, "covered_branches": 0, "missing_branches": 0}, "missing_lines": [], "excluded_lines": [], "executed_branches": [], "missing_branches": []}, "": {"executed_lines": [1, 2, 3, 4, 7, 19, 26, 33, 34, 39, 42], "summary": {"covered_lines": 11, "num_statements": 11, "percent_covered": 100.0, "percent_covered_display": "100", "missing_lines": 0, "excluded_lines": 0, "num_branches": 0, "num_partial_branches": 0, "covered_branches": 0, "missing_branches": 0}, "missing_lines": [], "excluded_lines": [], "executed_branches": [], "missing_branches": []}}, "classes": {"": {"executed_lines": [1, 2, 3, 4, 7, 8, 9, 14, 16, 19, 20, 22, 23, 26, 27, 29, 30, 33, 34, 35, 36, 39, 42, 43, 44], "summary": {"covered_lines": 25, "num_statements": 25, "percent_covered": 100.0, "percent_covered_display": "100", "missing_lines": 0, "excluded_lines": 0, "num_branches": 4, "num_partial_branches": 0, "covered_branches": 4, "missing_branches": 0}, "missing_lines": [], "excluded_lines": [], "executed_branches": [[8, 9], [8, 16], [22, -19], [22, 23]], "missing_branches": []}}}, "link_sharing_app/links.py": {"executed_lines": [1, 6, 7, 9, 12, 13, 14, 18, 21, 22, 23, 24, 26, 27, 29, 34, 37, 38, 39, 40, 42, 44, 47, 48, 49, 50, 52, 53, 54, 55, 56, 57, 59, 60, 64, 65, 70, 71, 72, 73, 75, 76, 78, 80, 81, 83, 85, 86, 87, 89, 90, 92, 93, 97, 99, 104, 105, 106, 107, 109, 110, 112, 113, 114, 116], "summary": {"covered_lines": 65, "num_statements": 72, "percent_covered": 91.48936170212765, "percent_covered_display": "91", "missing_lines": 7, "excluded_lines": 0, "num_branches": 22, "num_partial_branches": 1, "covered_branches": 21, "missing_branches": 1}, "missing_lines": [45, 66, 67, 100, 101, 117, 118], "excluded_lines": [], "executed_branches": [[26, 27], [26, 29], [39, 40], [39, 42], [44, 47], [52, 53], [52, 54], [54, 55], [54, 56], [56, 57], [56, 59], [75, 76], [75, 78], [80, 81], [80, 83], [85, 86], [85, 89], [86, 85], [86, 87], [109, 110], [109, 112]], "missing_branches": [[44, 45]], "functions": {"get_link": {"executed_lines": [13, 14, 18], "summary": {"covered_lines": 3, "num_statements": 3, "percent_covered": 100.0, "percent_covered_display": "100", "missing_lines": 0, "excluded_lines": 0, "num_branches": 0, "num_partial_branches": 0, "covered_branches": 0, "missing_branches": 0}, "missing_lines": [], "excluded_lines": [], "executed_branches": [], "missing_branches": []}, "get_all_links": {"executed_lines": [23, 24, 26, 27, 29, 34], "summary": {"covered_lines": 6, "num_statements": 6, "percent_covered": 100.0, "percent_covered_display": "100", "missing_lines": 0, "excluded_lines": 0, "num_branches": 2, "num_partial_branches": 0, "covered_branches": 2, "missing_branches": 0}, "missing_lines": [], "excluded_lines": [], "executed_branches": [[26, 27], [26, 29]], "missing_branches": []}, "create_link": {"executed_lines": [39, 40, 42, 44, 47, 48, 49, 50, 52, 53, 54, 55, 56, 57, 59, 60, 64, 65], "summary": {"covered_lines": 18, "num_statements": 21, "percent_covered": 87.09677419354838, "percent_covered_display": "87", "missing_lines": 3, "excluded_lines": 0, "num_branches": 10, "num_partial_branches": 1, "covered_branches": 9, "missing_branches": 1}, "missing_lines": [45, 66, 67], "excluded_lines": [], "executed_branches": [[39, 40], [39, 42], [44, 47], [52, 53], [52, 54], [54, 55], [54, 56], [56, 57], [56, 59]], "missing_branches": [[44, 45]]}, "edit_link_by_id": {"executed_lines": [72, 73, 75, 76, 78, 80, 81, 83, 85, 86, 87, 89, 90, 92, 93, 97, 99], "summary": {"covered_lines": 17, "num_statements": 19, "percent_covered": 92.5925925925926, "percent_covered_display": "93", "missing_lines": 2, "excluded_lines": 0, "num_branches": 8, "num_partial_branches": 0, "covered_branches": 8, "missing_branches": 0}, "missing_lines": [100, 101], "excluded_lines": [], "executed_branches": [[75, 76], [75, 78], [80, 81], [80, 83], [85, 86], [85, 89], [86, 85], [86, 87]], "missing_branches": []}, "delete_link_by_id": {"executed_lines": [106, 107, 109, 110, 112, 113, 114, 116], "summary": {"covered_lines": 8, "num_statements": 10, "percent_covered": 83.33333333333333, "percent_covered_display": "83", "missing_lines": 2, "excluded_lines": 0, "num_branches": 2, "num_partial_branches": 0, "covered_branches": 2, "missing_branches": 0}, "missing_lines": [117, 118], "excluded_lines": [], "executed_branches": [[109, 110], [109, 112]], "missing_branches": []}, "": {"executed_lines": [1, 6, 7, 9, 12, 21, 22, 37, 38, 70, 71, 104, 105], "summary": {"covered_lines": 13, "num_statements": 13, "percent_covered": 100.0, "percent_covered_display": "100", "missing_lines": 0, "excluded_lines": 0, "num_branches": 0, "num_partial_branches": 0, "covered_branches": 0, "missing_branches": 0}, "missing_lines": [], "excluded_lines": [], "executed_branches": [], "missing_branches": []}}, "classes": {"": {"executed_lines": [1, 6, 7, 9, 12, 13, 14, 18, 21, 22, 23, 24, 26, 27, 29, 34, 37, 38, 39, 40, 42, 44, 47, 48, 49, 50, 52, 53, 54, 55, 56, 57, 59, 60, 64, 65, 70, 71, 72, 73, 75, 76, 78, 80, 81, 83, 85, 86, 87, 89, 90, 92, 93, 97, 99, 104, 105, 106, 107, 109, 110, 112, 113, 114, 116], "summary": {"covered_lines": 65, "num_statements": 72, "percent_covered": 91.48936170212765, "percent_covered_display": "91", "missing_lines": 7, "excluded_lines": 0, "num_branches": 22, "num_partial_branches": 1, "covered_branches": 21, "missing_branches": 1}, "missing_lines": [45, 66, 67, 100, 101, 117, 118], "excluded_lines": [], "executed_branches": [[26, 27], [26, 29], [39, 40], [39, 42], [44, 47], [52, 53], [52, 54], [54, 55], [54, 56], [56, 57], [56, 59], [75, 76], [75, 78], [80, 81], [80, 83], [85, 86], [85, 89], [86, 85], [86, 87], [109, 110], [109, 112]], "missing_branches": [[44, 45]]}}}, "link_sharing_app/users.py": {"executed_lines": [1, 6, 8, 11, 12, 13, 17, 20, 21, 22, 24, 25, 27, 30, 31, 32, 33, 35, 36, 38, 40, 41, 43, 45, 46, 47, 49, 50, 52, 53, 57, 59, 60, 61, 64, 65, 66, 67, 69, 70, 72, 73, 77, 79, 80, 81], "summary": {"covered_lines": 46, "num_statements": 46, "percent_covered": 100.0, "percent_covered_display": "100", "missing_lines": 0, "excluded_lines": 0, "num_branches": 12, "num_partial_branches": 0, "covered_branches": 12, "missing_branches": 0}, "missing_lines": [], "excluded_lines": [], "executed_branches": [[24, 25], [24, 27], [35, 36], [35, 38], [40, 41], [40, 43], [45, 46], [45, 49], [46, 45], [46, 47], [69, 70], [69, 72]], "missing_branches": [], "functions": {"get_user": {"executed_lines": [12, 13, 17], "summary": {"covered_lines": 3, "num_statements": 3, "percent_covered": 100.0, "percent_covered_display": "100", "missing_lines": 0, "excluded_lines": 0, "num_branches": 0, "num_partial_branches": 0, "covered_branches": 0, "missing_branches": 0}, "missing_lines": [], "excluded_lines": [], "executed_branches": [], "missing_branches": []}, "get_user_by_id": {"executed_lines": [22, 24, 25, 27], "summary": {"covered_lines": 4, "num_statements": 4, "percent_covered": 100.0, "percent_covered_display": "100", "missing_lines": 0, "excluded_lines": 0, "num_branches": 2, "num_partial_branches": 0, "covered_branches": 2, "missing_branches": 0}, "missing_lines": [], "excluded_lines": [], "executed_branches": [[24, 25], [24, 27]], "missing_branches": []}, "edit_user_by_id": {"executed_lines": [32, 33, 35, 36, 38, 40, 41, 43, 45, 46, 47, 49, 50, 52, 53, 57, 59, 60, 61], "summary": {"covered_lines": 19, "num_statements": 19, "percent_covered": 100.0, "percent_covered_display": "100", "missing_lines": 0, "excluded_lines": 0, "num_branches": 8, "num_partial_branches": 0, "covered_branches": 8, "missing_branches": 0}, "missing_lines": [], "excluded_lines": [], "executed_branches": [[35, 36], [35, 38], [40, 41], [40, 43], [45, 46], [45, 49], [46, 45], [46, 47]], "missing_branches": []}, "delete_user_by_id": {"executed_lines": [66, 67, 69, 70, 72, 73, 77, 79, 80, 81], "summary": {"covered_lines": 10, "num_statements": 10, "percent_covered": 100.0, "percent_covered_display": "100", "missing_lines": 0, "excluded_lines": 0, "num_branches": 2, "num_partial_branches": 0, "covered_branches": 2, "missing_branches": 0}, "missing_lines": [], "excluded_lines": [], "executed_branches": [[69, 70], [69, 72]], "missing_branches": []}, "": {"executed_lines": [1, 6, 8, 11, 20, 21, 30, 31, 64, 65], "summary": {"covered_lines": 10, "num_statements": 10, "percent_covered": 100.0, "percent_covered_display": "100", "missing_lines": 0, "excluded_lines": 0, "num_branches": 0, "num_partial_branches": 0, "covered_branches": 0, "missing_branches": 0}, "missing_lines": [], "excluded_lines": [], "executed_branches": [], "missing_branches": []}}, "classes": {"": {"executed_lines": [1, 6, 8, 11, 12, 13, 17, 20, 21, 22, 24, 25, 27, 30, 31, 32, 33, 35, 36, 38, 40, 41, 43, 45, 46, 47, 49, 50, 52, 53, 57, 59, 60, 61, 64, 65, 66, 67, 69, 70, 72, 73, 77, 79, 80, 81], "summary": {"covered_lines": 46, "num_statements": 46, "percent_covered": 100.0, "percent_covered_display": "100", "missing_lines": 0, "excluded_lines": 0, "num_branches": 12, "num_partial_branches": 0, "covered_branches": 12, "missing_branches": 0}, "missing_lines": [], "excluded_lines": [], "executed_branches": [[24, 25], [24, 27], [35, 36], [35, 38], [40, 41], [40, 43], [45, 46], [45, 49], [46, 45], [46, 47], [69, 70], [69, 72]], "missing_branches": []}}}}, "totals": {"covered_lines": 211, "num_statements": 218, "percent_covered": 97.14285714285714, "percent_covered_display": "97", "missing_lines": 7, "excluded_lines": 0, "num_branches": 62, "num_partial_branches": 1, "covered_branches": 61, "missing_branches": 1}}